<?xml version="1.0" encoding="UTF-8"?>
<testsuite name="com.perfumepedia.PerfumePedia.domain.PerfumeNoteDomainTest" tests="4" skipped="0" failures="0" errors="0" timestamp="2023-12-14T04:56:58" hostname="gimgyeong-eun-ui-MacBookAir.local" time="0.006">
  <properties/>
  <testcase name="dbDate_초기화" classname="com.perfumepedia.PerfumePedia.domain.PerfumeNoteDomainTest" time="0.002"/>
  <testcase name="perfume_note_관계_설정" classname="com.perfumepedia.PerfumePedia.domain.PerfumeNoteDomainTest" time="0.001"/>
  <testcase name="기본생성자_제한" classname="com.perfumepedia.PerfumePedia.domain.PerfumeNoteDomainTest" time="0.001"/>
  <testcase name="매개변수가_있는_생성자_정상" classname="com.perfumepedia.PerfumePedia.domain.PerfumeNoteDomainTest" time="0.001"/>
  <system-out><![CDATA[]]></system-out>
  <system-err><![CDATA[]]></system-err>
</testsuite>
