<?xml version="1.0" encoding="UTF-8"?>
<testsuite name="com.perfumepedia.PerfumePedia.PerfumePediaApplicationTests" tests="1" skipped="0" failures="0" errors="0" timestamp="2023-11-08T05:33:28" hostname="argo-MacBookAir.local" time="0.113">
  <properties/>
  <testcase name="contextLoads()" classname="com.perfumepedia.PerfumePedia.PerfumePediaApplicationTests" time="0.113"/>
  <system-out><![CDATA[14:33:26.101 [Test worker] DEBUG org.springframework.boot.test.context.SpringBootTestContextBootstrapper -- Neither @ContextConfiguration nor @ContextHierarchy found for test class [PerfumePediaApplicationTests]: using SpringBootContextLoader
14:33:26.104 [Test worker] DEBUG org.springframework.test.context.support.AbstractContextLoader -- Could not detect default resource locations for test class [com.perfumepedia.PerfumePedia.PerfumePediaApplicationTests]: no resource found for suffixes {-context.xml, Context.groovy}.
14:33:26.104 [Test worker] INFO org.springframework.test.context.support.AnnotationConfigContextLoaderUtils -- Could not detect default configuration classes for test class [com.perfumepedia.PerfumePedia.PerfumePediaApplicationTests]: PerfumePediaApplicationTests does not declare any static, non-private, non-final, nested classes annotated with @Configuration.
14:33:26.114 [Test worker] DEBUG org.springframework.boot.test.context.SpringBootTestContextBootstrapper -- Using ContextCustomizers for test class [PerfumePediaApplicationTests]: [DisableObservabilityContextCustomizer, PropertyMappingContextCustomizer, WebDriverContextCustomizer, ExcludeFilterContextCustomizer, DuplicateJsonObjectContextCustomizer, MockitoContextCustomizer, TestRestTemplateContextCustomizer]
14:33:26.143 [Test worker] DEBUG org.springframework.context.annotation.ClassPathScanningCandidateComponentProvider -- Identified candidate component class: file [/Users/argo/workspace/PERFUEM_PROJECT/perfumepedia-backend/build/classes/java/main/com/perfumepedia/PerfumePedia/PerfumePediaApplication.class]
14:33:26.143 [Test worker] INFO org.springframework.boot.test.context.SpringBootTestContextBootstrapper -- Found @SpringBootConfiguration com.perfumepedia.PerfumePedia.PerfumePediaApplication for test class com.perfumepedia.PerfumePedia.PerfumePediaApplicationTests
14:33:26.176 [Test worker] DEBUG org.springframework.test.context.util.TestContextSpringFactoriesUtils -- Skipping candidate TestExecutionListener [org.springframework.test.context.observation.MicrometerObservationRegistryTestExecutionListener] due to a missing dependency. Specify custom TestExecutionListener classes or make the default TestExecutionListener classes and their required dependencies available. Offending class: io.micrometer.context.ThreadLocalAccessor. MicrometerObservationRegistryTestExecutionListener requires io.micrometer:micrometer-observation:1.10.8 or higher and io.micrometer:context-propagation:1.0.3 or higher.
14:33:26.181 [Test worker] DEBUG org.springframework.boot.test.context.SpringBootTestContextBootstrapper -- Using TestExecutionListeners for test class [PerfumePediaApplicationTests]: [ServletTestExecutionListener, DirtiesContextBeforeModesTestExecutionListener, ApplicationEventsTestExecutionListener, MockitoTestExecutionListener, DependencyInjectionTestExecutionListener, DirtiesContextTestExecutionListener, TransactionalTestExecutionListener, SqlScriptsTestExecutionListener, EventPublishingTestExecutionListener, RestDocsTestExecutionListener, MockRestServiceServerResetTestExecutionListener, MockMvcPrintOnlyOnFailureTestExecutionListener, WebDriverTestExecutionListener, MockWebServiceServerTestExecutionListener, ResetMocksTestExecutionListener]
14:33:26.182 [Test worker] DEBUG org.springframework.test.context.support.DirtiesContextBeforeModesTestExecutionListener -- Before test class: class [PerfumePediaApplicationTests], class annotated with @DirtiesContext [false] with mode [null]

  .   ____          _            __ _ _
 /\\ / ___'_ __ _ _(_)_ __  __ _ \ \ \ \
( ( )\___ | '_ | '_| | '_ \/ _` | \ \ \ \
 \\/  ___)| |_)| | | | | || (_| |  ) ) ) )
  '  |____| .__|_| |_|_| |_\__, | / / / /
 =========|_|==============|___/=/_/_/_/
 :: Spring Boot ::               (v3.0.12)

2023-11-08T14:33:26.312+09:00  INFO 33109 --- [    Test worker] c.p.P.PerfumePediaApplicationTests       : Starting PerfumePediaApplicationTests using Java 17.0.6 with PID 33109 (started by argo in /Users/argo/workspace/PERFUEM_PROJECT/perfumepedia-backend)
2023-11-08T14:33:26.312+09:00  INFO 33109 --- [    Test worker] c.p.P.PerfumePediaApplicationTests       : No active profile set, falling back to 1 default profile: "default"
2023-11-08T14:33:26.621+09:00  INFO 33109 --- [    Test worker] .s.d.r.c.RepositoryConfigurationDelegate : Bootstrapping Spring Data JPA repositories in DEFAULT mode.
2023-11-08T14:33:26.630+09:00  INFO 33109 --- [    Test worker] .s.d.r.c.RepositoryConfigurationDelegate : Finished Spring Data repository scanning in 5 ms. Found 0 JPA repository interfaces.
2023-11-08T14:33:26.786+09:00  INFO 33109 --- [    Test worker] com.zaxxer.hikari.HikariDataSource       : HikariPool-1 - Starting...
2023-11-08T14:33:26.867+09:00  INFO 33109 --- [    Test worker] com.zaxxer.hikari.pool.HikariPool        : HikariPool-1 - Added connection conn0: url=jdbc:h2:mem:b2362a7f-6a3b-4cd5-a6d0-f171b0c8abb7 user=SA
2023-11-08T14:33:26.868+09:00  INFO 33109 --- [    Test worker] com.zaxxer.hikari.HikariDataSource       : HikariPool-1 - Start completed.
2023-11-08T14:33:26.889+09:00  INFO 33109 --- [    Test worker] o.hibernate.jpa.internal.util.LogHelper  : HHH000204: Processing PersistenceUnitInfo [name: default]
2023-11-08T14:33:26.913+09:00  INFO 33109 --- [    Test worker] org.hibernate.Version                    : HHH000412: Hibernate ORM core version 6.1.7.Final
2023-11-08T14:33:27.041+09:00  INFO 33109 --- [    Test worker] SQL dialect                              : HHH000400: Using dialect: org.hibernate.dialect.H2Dialect
2023-11-08T14:33:27.158+09:00  INFO 33109 --- [    Test worker] o.h.e.t.j.p.i.JtaPlatformInitiator       : HHH000490: Using JtaPlatform implementation: [org.hibernate.engine.transaction.jta.platform.internal.NoJtaPlatform]
2023-11-08T14:33:27.162+09:00  INFO 33109 --- [    Test worker] j.LocalContainerEntityManagerFactoryBean : Initialized JPA EntityManagerFactory for persistence unit 'default'
2023-11-08T14:33:27.285+09:00  WARN 33109 --- [    Test worker] JpaBaseConfiguration$JpaWebConfiguration : spring.jpa.open-in-view is enabled by default. Therefore, database queries may be performed during view rendering. Explicitly configure spring.jpa.open-in-view to disable this warning
2023-11-08T14:33:28.012+09:00  INFO 33109 --- [    Test worker] c.p.P.PerfumePediaApplicationTests       : Started PerfumePediaApplicationTests in 1.804 seconds (process running for 2.288)
]]></system-out>
  <system-err><![CDATA[]]></system-err>
</testsuite>
