<?xml version="1.0" encoding="UTF-8"?>
<testsuite name="com.perfumepedia.PerfumePedia.PerfumePediaApplicationTests" tests="1" skipped="0" failures="0" errors="0" timestamp="2023-12-14T04:56:58" hostname="gimgyeong-eun-ui-MacBookAir.local" time="0.078">
  <properties/>
  <testcase name="contextLoads()" classname="com.perfumepedia.PerfumePedia.PerfumePediaApplicationTests" time="0.078"/>
  <system-out><![CDATA[13:56:57.002 [Test worker] DEBUG org.springframework.boot.test.context.SpringBootTestContextBootstrapper -- Neither @ContextConfiguration nor @ContextHierarchy found for test class [PerfumePediaApplicationTests]: using SpringBootContextLoader
13:56:57.002 [Test worker] DEBUG org.springframework.test.context.support.AbstractContextLoader -- Could not detect default resource locations for test class [com.perfumepedia.PerfumePedia.PerfumePediaApplicationTests]: no resource found for suffixes {-context.xml, Context.groovy}.
13:56:57.002 [Test worker] INFO org.springframework.test.context.support.AnnotationConfigContextLoaderUtils -- Could not detect default configuration classes for test class [com.perfumepedia.PerfumePedia.PerfumePediaApplicationTests]: PerfumePediaApplicationTests does not declare any static, non-private, non-final, nested classes annotated with @Configuration.
13:56:57.003 [Test worker] DEBUG org.springframework.boot.test.context.SpringBootTestContextBootstrapper -- Using ContextCustomizers for test class [PerfumePediaApplicationTests]: [DisableObservabilityContextCustomizer, PropertyMappingContextCustomizer, WebDriverContextCustomizer, ExcludeFilterContextCustomizer, DuplicateJsonObjectContextCustomizer, MockitoContextCustomizer, TestRestTemplateContextCustomizer]
13:56:57.005 [Test worker] DEBUG org.springframework.context.annotation.ClassPathScanningCandidateComponentProvider -- Identified candidate component class: file [/Users/kyeongeun-kim/perfumepedia-backend/build/classes/java/main/com/perfumepedia/PerfumePedia/PerfumePediaApplication.class]
13:56:57.005 [Test worker] INFO org.springframework.boot.test.context.SpringBootTestContextBootstrapper -- Found @SpringBootConfiguration com.perfumepedia.PerfumePedia.PerfumePediaApplication for test class com.perfumepedia.PerfumePedia.PerfumePediaApplicationTests
13:56:57.006 [Test worker] DEBUG org.springframework.test.context.util.TestContextSpringFactoriesUtils -- Skipping candidate TestExecutionListener [org.springframework.test.context.observation.MicrometerObservationRegistryTestExecutionListener] due to a missing dependency. Specify custom TestExecutionListener classes or make the default TestExecutionListener classes and their required dependencies available. Offending class: io.micrometer.context.ThreadLocalAccessor. MicrometerObservationRegistryTestExecutionListener requires io.micrometer:micrometer-observation:1.10.8 or higher and io.micrometer:context-propagation:1.0.3 or higher.
13:56:57.006 [Test worker] DEBUG org.springframework.boot.test.context.SpringBootTestContextBootstrapper -- Using TestExecutionListeners for test class [PerfumePediaApplicationTests]: [ServletTestExecutionListener, DirtiesContextBeforeModesTestExecutionListener, ApplicationEventsTestExecutionListener, MockitoTestExecutionListener, DependencyInjectionTestExecutionListener, DirtiesContextTestExecutionListener, TransactionalTestExecutionListener, SqlScriptsTestExecutionListener, EventPublishingTestExecutionListener, RestDocsTestExecutionListener, MockRestServiceServerResetTestExecutionListener, MockMvcPrintOnlyOnFailureTestExecutionListener, WebDriverTestExecutionListener, MockWebServiceServerTestExecutionListener, ResetMocksTestExecutionListener]
13:56:57.007 [Test worker] DEBUG org.springframework.test.context.support.DirtiesContextBeforeModesTestExecutionListener -- Before test class: class [PerfumePediaApplicationTests], class annotated with @DirtiesContext [false] with mode [null]

  .   ____          _            __ _ _
 /\\ / ___'_ __ _ _(_)_ __  __ _ \ \ \ \
( ( )\___ | '_ | '_| | '_ \/ _` | \ \ \ \
 \\/  ___)| |_)| | | | | || (_| |  ) ) ) )
  '  |____| .__|_| |_|_| |_\__, | / / / /
 =========|_|==============|___/=/_/_/_/
 :: Spring Boot ::               (v3.0.12)

2023-12-14T13:56:57.139+09:00  INFO 62774 --- [    Test worker] c.p.P.PerfumePediaApplicationTests       : Starting PerfumePediaApplicationTests using Java 17.0.6 with PID 62774 (started by kyeongeun-kim in /Users/kyeongeun-kim/perfumepedia-backend)
2023-12-14T13:56:57.140+09:00  INFO 62774 --- [    Test worker] c.p.P.PerfumePediaApplicationTests       : No active profile set, falling back to 1 default profile: "default"
2023-12-14T13:56:57.406+09:00  INFO 62774 --- [    Test worker] .s.d.r.c.RepositoryConfigurationDelegate : Bootstrapping Spring Data JPA repositories in DEFAULT mode.
2023-12-14T13:56:57.417+09:00  INFO 62774 --- [    Test worker] .s.d.r.c.RepositoryConfigurationDelegate : Finished Spring Data repository scanning in 7 ms. Found 0 JPA repository interfaces.
2023-12-14T13:56:57.594+09:00  INFO 62774 --- [    Test worker] o.hibernate.jpa.internal.util.LogHelper  : HHH000204: Processing PersistenceUnitInfo [name: default]
2023-12-14T13:56:57.617+09:00  INFO 62774 --- [    Test worker] org.hibernate.Version                    : HHH000412: Hibernate ORM core version 6.1.7.Final
2023-12-14T13:56:57.821+09:00  INFO 62774 --- [    Test worker] com.zaxxer.hikari.HikariDataSource       : HikariPool-1 - Starting...
2023-12-14T13:56:57.906+09:00  INFO 62774 --- [    Test worker] com.zaxxer.hikari.pool.HikariPool        : HikariPool-1 - Added connection conn0: url=jdbc:h2:mem:test user=SA
2023-12-14T13:56:57.908+09:00  INFO 62774 --- [    Test worker] com.zaxxer.hikari.HikariDataSource       : HikariPool-1 - Start completed.
2023-12-14T13:56:57.927+09:00  INFO 62774 --- [    Test worker] SQL dialect                              : HHH000400: Using dialect: org.hibernate.dialect.H2Dialect
2023-12-14T13:56:58.348+09:00 DEBUG 62774 --- [    Test worker] org.hibernate.SQL                        : 
    
    drop table if exists brand cascade 
Hibernate: 
    
    drop table if exists brand cascade 
2023-12-14T13:56:58.350+09:00 DEBUG 62774 --- [    Test worker] org.hibernate.SQL                        : 
    
    drop table if exists note cascade 
Hibernate: 
    
    drop table if exists note cascade 
2023-12-14T13:56:58.350+09:00 DEBUG 62774 --- [    Test worker] org.hibernate.SQL                        : 
    
    drop table if exists perfume cascade 
Hibernate: 
    
    drop table if exists perfume cascade 
2023-12-14T13:56:58.350+09:00 DEBUG 62774 --- [    Test worker] org.hibernate.SQL                        : 
    
    drop table if exists perfume_note cascade 
Hibernate: 
    
    drop table if exists perfume_note cascade 
2023-12-14T13:56:58.350+09:00 DEBUG 62774 --- [    Test worker] org.hibernate.SQL                        : 
    
    drop table if exists word cascade 
Hibernate: 
    
    drop table if exists word cascade 
2023-12-14T13:56:58.352+09:00 DEBUG 62774 --- [    Test worker] org.hibernate.SQL                        : 
    
    create table brand (
       brand_id bigint generated by default as identity,
        created_at date,
        updated_at date,
        name varchar(255) not null,
        url varchar(255),
        primary key (brand_id)
    )
Hibernate: 
    
    create table brand (
       brand_id bigint generated by default as identity,
        created_at date,
        updated_at date,
        name varchar(255) not null,
        url varchar(255),
        primary key (brand_id)
    )
2023-12-14T13:56:58.356+09:00 DEBUG 62774 --- [    Test worker] org.hibernate.SQL                        : 
    
    create table note (
       note_id bigint generated by default as identity,
        created_at date,
        updated_at date,
        name varchar(255) not null,
        primary key (note_id)
    )
Hibernate: 
    
    create table note (
       note_id bigint generated by default as identity,
        created_at date,
        updated_at date,
        name varchar(255) not null,
        primary key (note_id)
    )
2023-12-14T13:56:58.357+09:00 DEBUG 62774 --- [    Test worker] org.hibernate.SQL                        : 
    
    create table perfume (
       perfume_id bigint generated by default as identity,
        created_at date,
        updated_at date,
        discontinue varchar(255),
        image_name varchar(255),
        image_path varchar(255),
        name varchar(255) not null,
        price integer,
        url varchar(255),
        brand_id bigint,
        primary key (perfume_id)
    )
Hibernate: 
    
    create table perfume (
       perfume_id bigint generated by default as identity,
        created_at date,
        updated_at date,
        discontinue varchar(255),
        image_name varchar(255),
        image_path varchar(255),
        name varchar(255) not null,
        price integer,
        url varchar(255),
        brand_id bigint,
        primary key (perfume_id)
    )
2023-12-14T13:56:58.358+09:00 DEBUG 62774 --- [    Test worker] org.hibernate.SQL                        : 
    
    create table perfume_note (
       perfume_note_id bigint generated by default as identity,
        created_at date,
        updated_at date,
        note_type varchar(255),
        note_id bigint,
        perfume_id bigint,
        primary key (perfume_note_id)
    )
Hibernate: 
    
    create table perfume_note (
       perfume_note_id bigint generated by default as identity,
        created_at date,
        updated_at date,
        note_type varchar(255),
        note_id bigint,
        perfume_id bigint,
        primary key (perfume_note_id)
    )
2023-12-14T13:56:58.358+09:00 DEBUG 62774 --- [    Test worker] org.hibernate.SQL                        : 
    
    create table word (
       word_id bigint generated by default as identity,
        alias varchar(255) not null,
        created_at date,
        updated_at date,
        name varchar(255) not null,
        weight integer not null,
        word_type smallint,
        brand_id bigint,
        note_id bigint,
        perfume_id bigint,
        primary key (word_id)
    )
Hibernate: 
    
    create table word (
       word_id bigint generated by default as identity,
        alias varchar(255) not null,
        created_at date,
        updated_at date,
        name varchar(255) not null,
        weight integer not null,
        word_type smallint,
        brand_id bigint,
        note_id bigint,
        perfume_id bigint,
        primary key (word_id)
    )
2023-12-14T13:56:58.359+09:00 DEBUG 62774 --- [    Test worker] org.hibernate.SQL                        : 
    
    alter table if exists perfume 
       add constraint FKagaxabwb3gjkqna3aqjj3unei 
       foreign key (brand_id) 
       references brand
Hibernate: 
    
    alter table if exists perfume 
       add constraint FKagaxabwb3gjkqna3aqjj3unei 
       foreign key (brand_id) 
       references brand
2023-12-14T13:56:58.364+09:00 DEBUG 62774 --- [    Test worker] org.hibernate.SQL                        : 
    
    alter table if exists perfume_note 
       add constraint FKri4r4999eam15ni54ul71te22 
       foreign key (note_id) 
       references note
Hibernate: 
    
    alter table if exists perfume_note 
       add constraint FKri4r4999eam15ni54ul71te22 
       foreign key (note_id) 
       references note
2023-12-14T13:56:58.365+09:00 DEBUG 62774 --- [    Test worker] org.hibernate.SQL                        : 
    
    alter table if exists perfume_note 
       add constraint FKsuy3uftjulx6scnihe3xofujq 
       foreign key (perfume_id) 
       references perfume
Hibernate: 
    
    alter table if exists perfume_note 
       add constraint FKsuy3uftjulx6scnihe3xofujq 
       foreign key (perfume_id) 
       references perfume
2023-12-14T13:56:58.366+09:00 DEBUG 62774 --- [    Test worker] org.hibernate.SQL                        : 
    
    alter table if exists word 
       add constraint FKrx6d4vfil8i5hvva4b8l8qxbu 
       foreign key (brand_id) 
       references brand
Hibernate: 
    
    alter table if exists word 
       add constraint FKrx6d4vfil8i5hvva4b8l8qxbu 
       foreign key (brand_id) 
       references brand
2023-12-14T13:56:58.367+09:00 DEBUG 62774 --- [    Test worker] org.hibernate.SQL                        : 
    
    alter table if exists word 
       add constraint FKh7euwj0c7hh2yakcmoii2bvqa 
       foreign key (note_id) 
       references note
Hibernate: 
    
    alter table if exists word 
       add constraint FKh7euwj0c7hh2yakcmoii2bvqa 
       foreign key (note_id) 
       references note
2023-12-14T13:56:58.367+09:00 DEBUG 62774 --- [    Test worker] org.hibernate.SQL                        : 
    
    alter table if exists word 
       add constraint FKo9pmdbn8t1t74vpnauqj2yiah 
       foreign key (perfume_id) 
       references perfume
Hibernate: 
    
    alter table if exists word 
       add constraint FKo9pmdbn8t1t74vpnauqj2yiah 
       foreign key (perfume_id) 
       references perfume
2023-12-14T13:56:58.369+09:00  INFO 62774 --- [    Test worker] o.h.e.t.j.p.i.JtaPlatformInitiator       : HHH000490: Using JtaPlatform implementation: [org.hibernate.engine.transaction.jta.platform.internal.NoJtaPlatform]
2023-12-14T13:56:58.373+09:00  INFO 62774 --- [    Test worker] j.LocalContainerEntityManagerFactoryBean : Initialized JPA EntityManagerFactory for persistence unit 'default'
2023-12-14T13:56:58.504+09:00  WARN 62774 --- [    Test worker] JpaBaseConfiguration$JpaWebConfiguration : spring.jpa.open-in-view is enabled by default. Therefore, database queries may be performed during view rendering. Explicitly configure spring.jpa.open-in-view to disable this warning
2023-12-14T13:56:58.638+09:00  WARN 62774 --- [    Test worker] ion$DefaultTemplateResolverConfiguration : Cannot find template location: classpath:/templates/ (please add some templates, check your Thymeleaf configuration, or set spring.thymeleaf.check-template-location=false)
2023-12-14T13:56:58.687+09:00  INFO 62774 --- [    Test worker] c.p.P.PerfumePediaApplicationTests       : Started PerfumePediaApplicationTests in 1.655 seconds (process running for 2.329)
]]></system-out>
  <system-err><![CDATA[]]></system-err>
</testsuite>
