<?xml version="1.0" encoding="UTF-8"?>
<testsuite name="com.perfumepedia.PerfumePedia.PerfumePediaApplicationTests" tests="1" skipped="0" failures="0" errors="0" timestamp="2023-11-10T10:52:09" hostname="argo-MacBookAir.local" time="0.1">
  <properties/>
  <testcase name="contextLoads()" classname="com.perfumepedia.PerfumePedia.PerfumePediaApplicationTests" time="0.1"/>
  <system-out><![CDATA[19:52:08.124 [Test worker] DEBUG org.springframework.boot.test.context.SpringBootTestContextBootstrapper -- Neither @ContextConfiguration nor @ContextHierarchy found for test class [PerfumePediaApplicationTests]: using SpringBootContextLoader
19:52:08.126 [Test worker] DEBUG org.springframework.test.context.support.AbstractContextLoader -- Could not detect default resource locations for test class [com.perfumepedia.PerfumePedia.PerfumePediaApplicationTests]: no resource found for suffixes {-context.xml, Context.groovy}.
19:52:08.127 [Test worker] INFO org.springframework.test.context.support.AnnotationConfigContextLoaderUtils -- Could not detect default configuration classes for test class [com.perfumepedia.PerfumePedia.PerfumePediaApplicationTests]: PerfumePediaApplicationTests does not declare any static, non-private, non-final, nested classes annotated with @Configuration.
19:52:08.137 [Test worker] DEBUG org.springframework.boot.test.context.SpringBootTestContextBootstrapper -- Using ContextCustomizers for test class [PerfumePediaApplicationTests]: [DisableObservabilityContextCustomizer, PropertyMappingContextCustomizer, WebDriverContextCustomizer, ExcludeFilterContextCustomizer, DuplicateJsonObjectContextCustomizer, MockitoContextCustomizer, TestRestTemplateContextCustomizer]
19:52:08.163 [Test worker] DEBUG org.springframework.context.annotation.ClassPathScanningCandidateComponentProvider -- Identified candidate component class: file [/Users/argo/workspace/PERFUEM_PROJECT/perfumepedia-backend/build/classes/java/main/com/perfumepedia/PerfumePedia/PerfumePediaApplication.class]
19:52:08.164 [Test worker] INFO org.springframework.boot.test.context.SpringBootTestContextBootstrapper -- Found @SpringBootConfiguration com.perfumepedia.PerfumePedia.PerfumePediaApplication for test class com.perfumepedia.PerfumePedia.PerfumePediaApplicationTests
19:52:08.193 [Test worker] DEBUG org.springframework.test.context.util.TestContextSpringFactoriesUtils -- Skipping candidate TestExecutionListener [org.springframework.test.context.observation.MicrometerObservationRegistryTestExecutionListener] due to a missing dependency. Specify custom TestExecutionListener classes or make the default TestExecutionListener classes and their required dependencies available. Offending class: io.micrometer.context.ThreadLocalAccessor. MicrometerObservationRegistryTestExecutionListener requires io.micrometer:micrometer-observation:1.10.8 or higher and io.micrometer:context-propagation:1.0.3 or higher.
19:52:08.196 [Test worker] DEBUG org.springframework.boot.test.context.SpringBootTestContextBootstrapper -- Using TestExecutionListeners for test class [PerfumePediaApplicationTests]: [ServletTestExecutionListener, DirtiesContextBeforeModesTestExecutionListener, ApplicationEventsTestExecutionListener, MockitoTestExecutionListener, DependencyInjectionTestExecutionListener, DirtiesContextTestExecutionListener, TransactionalTestExecutionListener, SqlScriptsTestExecutionListener, EventPublishingTestExecutionListener, RestDocsTestExecutionListener, MockRestServiceServerResetTestExecutionListener, MockMvcPrintOnlyOnFailureTestExecutionListener, WebDriverTestExecutionListener, MockWebServiceServerTestExecutionListener, ResetMocksTestExecutionListener]
19:52:08.197 [Test worker] DEBUG org.springframework.test.context.support.DirtiesContextBeforeModesTestExecutionListener -- Before test class: class [PerfumePediaApplicationTests], class annotated with @DirtiesContext [false] with mode [null]

  .   ____          _            __ _ _
 /\\ / ___'_ __ _ _(_)_ __  __ _ \ \ \ \
( ( )\___ | '_ | '_| | '_ \/ _` | \ \ \ \
 \\/  ___)| |_)| | | | | || (_| |  ) ) ) )
  '  |____| .__|_| |_|_| |_\__, | / / / /
 =========|_|==============|___/=/_/_/_/
 :: Spring Boot ::               (v3.0.12)

2023-11-10T19:52:08.309+09:00  INFO 48981 --- [    Test worker] c.p.P.PerfumePediaApplicationTests       : Starting PerfumePediaApplicationTests using Java 17.0.6 with PID 48981 (started by argo in /Users/argo/workspace/PERFUEM_PROJECT/perfumepedia-backend)
2023-11-10T19:52:08.309+09:00  INFO 48981 --- [    Test worker] c.p.P.PerfumePediaApplicationTests       : No active profile set, falling back to 1 default profile: "default"
2023-11-10T19:52:08.575+09:00  INFO 48981 --- [    Test worker] .s.d.r.c.RepositoryConfigurationDelegate : Bootstrapping Spring Data JPA repositories in DEFAULT mode.
2023-11-10T19:52:08.583+09:00  INFO 48981 --- [    Test worker] .s.d.r.c.RepositoryConfigurationDelegate : Finished Spring Data repository scanning in 5 ms. Found 0 JPA repository interfaces.
2023-11-10T19:52:08.734+09:00  INFO 48981 --- [    Test worker] com.zaxxer.hikari.HikariDataSource       : HikariPool-1 - Starting...
2023-11-10T19:52:08.801+09:00  INFO 48981 --- [    Test worker] com.zaxxer.hikari.pool.HikariPool        : HikariPool-1 - Added connection conn0: url=jdbc:h2:mem:873c3d94-73d4-4dbd-8bf9-fb45e0a80b87 user=SA
2023-11-10T19:52:08.801+09:00  INFO 48981 --- [    Test worker] com.zaxxer.hikari.HikariDataSource       : HikariPool-1 - Start completed.
2023-11-10T19:52:08.820+09:00  INFO 48981 --- [    Test worker] o.hibernate.jpa.internal.util.LogHelper  : HHH000204: Processing PersistenceUnitInfo [name: default]
2023-11-10T19:52:08.837+09:00  INFO 48981 --- [    Test worker] org.hibernate.Version                    : HHH000412: Hibernate ORM core version 6.1.7.Final
2023-11-10T19:52:08.937+09:00  INFO 48981 --- [    Test worker] SQL dialect                              : HHH000400: Using dialect: org.hibernate.dialect.H2Dialect
2023-11-10T19:52:09.028+09:00  INFO 48981 --- [    Test worker] o.h.e.t.j.p.i.JtaPlatformInitiator       : HHH000490: Using JtaPlatform implementation: [org.hibernate.engine.transaction.jta.platform.internal.NoJtaPlatform]
2023-11-10T19:52:09.032+09:00  INFO 48981 --- [    Test worker] j.LocalContainerEntityManagerFactoryBean : Initialized JPA EntityManagerFactory for persistence unit 'default'
2023-11-10T19:52:09.142+09:00  WARN 48981 --- [    Test worker] JpaBaseConfiguration$JpaWebConfiguration : spring.jpa.open-in-view is enabled by default. Therefore, database queries may be performed during view rendering. Explicitly configure spring.jpa.open-in-view to disable this warning
2023-11-10T19:52:09.684+09:00  INFO 48981 --- [    Test worker] c.p.P.PerfumePediaApplicationTests       : Started PerfumePediaApplicationTests in 1.468 seconds (process running for 1.93)
]]></system-out>
  <system-err><![CDATA[]]></system-err>
</testsuite>
